[11-Apr-2023 12:36:16] NOTICE: fpm is running, pid 76785
[11-Apr-2023 12:36:16] NOTICE: ready to handle connections
[14-Apr-2023 14:40:38] NOTICE: Terminating ...
[14-Apr-2023 14:40:38] NOTICE: Terminating ...
[14-Apr-2023 14:40:38] NOTICE: exiting, bye-bye!
[15-Apr-2023 15:07:09] NOTICE: fpm is running, pid 13232
[15-Apr-2023 15:07:09] NOTICE: ready to handle connections
[20-Apr-2023 06:38:40] NOTICE: Terminating ...
[20-Apr-2023 06:38:40] NOTICE: Terminating ...
[20-Apr-2023 06:38:40] NOTICE: exiting, bye-bye!
[20-Apr-2023 06:38:42] NOTICE: fpm is running, pid 96024
[20-Apr-2023 06:38:42] NOTICE: ready to handle connections
[22-Apr-2023 09:43:07] NOTICE: Terminating ...
[22-Apr-2023 09:43:07] NOTICE: Terminating ...
[22-Apr-2023 09:43:07] NOTICE: exiting, bye-bye!
[22-Apr-2023 09:43:09] NOTICE: fpm is running, pid 43062
[22-Apr-2023 09:43:09] NOTICE: ready to handle connections
[26-Apr-2023 15:24:07] NOTICE: Terminating ...
[26-Apr-2023 15:24:07] NOTICE: Terminating ...
[26-Apr-2023 15:24:07] NOTICE: exiting, bye-bye!
[26-Apr-2023 15:24:09] NOTICE: fpm is running, pid 7639
[26-Apr-2023 15:24:09] NOTICE: ready to handle connections
[26-Apr-2023 15:25:21] NOTICE: Terminating ...
[26-Apr-2023 15:25:21] NOTICE: Terminating ...
[26-Apr-2023 15:25:21] NOTICE: exiting, bye-bye!
[26-Apr-2023 15:25:22] NOTICE: fpm is running, pid 7695
[26-Apr-2023 15:25:22] NOTICE: ready to handle connections
[26-Apr-2023 15:26:19] NOTICE: Terminating ...
[26-Apr-2023 15:26:19] NOTICE: Terminating ...
[26-Apr-2023 15:26:19] NOTICE: exiting, bye-bye!
[26-Apr-2023 15:26:21] NOTICE: fpm is running, pid 7779
[26-Apr-2023 15:26:21] NOTICE: ready to handle connections
[26-Apr-2023 15:27:32] NOTICE: Terminating ...
[26-Apr-2023 15:27:32] NOTICE: Terminating ...
[26-Apr-2023 15:27:32] NOTICE: exiting, bye-bye!
[26-Apr-2023 15:27:54] NOTICE: fpm is running, pid 7910
[26-Apr-2023 15:27:54] NOTICE: ready to handle connections
[27-Apr-2023 09:07:53] NOTICE: Terminating ...
[27-Apr-2023 09:07:53] NOTICE: Terminating ...
[27-Apr-2023 09:07:53] NOTICE: exiting, bye-bye!
[27-Apr-2023 09:12:01] NOTICE: fpm is running, pid 842
[27-Apr-2023 09:12:01] NOTICE: ready to handle connections
[07-May-2023 16:34:16] NOTICE: fpm is running, pid 8536
[07-May-2023 16:34:16] NOTICE: ready to handle connections
[14-May-2023 06:47:28] NOTICE: Terminating ...
[14-May-2023 06:47:28] NOTICE: Terminating ...
[14-May-2023 06:47:28] NOTICE: exiting, bye-bye!
[14-May-2023 06:58:34] NOTICE: fpm is running, pid 47611
[14-May-2023 06:58:34] NOTICE: ready to handle connections
