2023-05-07T14:36:47+00:00 CRITICAL Uncaught TypeError: json_decode(): Argument #1 ($json) must be of type string, array given in /Users/loichant/Local Sites/planty/app/public/wp-content/plugins/metform/core/entries/action.php:810
Stack trace:
#0 /Users/loichant/Local Sites/planty/app/public/wp-content/plugins/metform/core/entries/action.php(810): json_decode(Array)
#1 /Users/loichant/Local Sites/planty/app/public/wp-content/plugins/metform/core/forms/action.php(226): MetForm\Core\Entries\Action->get_fields(18)
#2 /Users/loichant/Local Sites/planty/app/public/wp-content/plugins/metform/traits/quiz-control.php(21): MetForm\Core\Forms\Action->get_all_data(18)
#3 /Users/loichant/Local Sites/planty/app/public/wp-content/plugins/metform/widgets/text/text.php(43): Elementor\MetForm_Input_Text->get_form_type()
#4 /Users/loichant/Local Sites/planty/app/public/wp-content/plugins/elementor/includes/base/controls-stack.php(2329): Elementor\MetForm_Input_Text->register_controls()
#5 /Users/loichant/Local Sites/planty/app/public/wp-content/plugins/elementor/includes/base/controls-stack.php(496): Elementor\Controls_Stack->init_controls()
#6 /Users/loichant/Local Sites/planty/app/public/wp-content/plugins/elementor/includes/base/widget-base.php(177): Elementor\Controls_Stack->get_stack()
#7 /Users/loichant/Local Sites/planty/app/public/wp-content/plugins/elementor/includes/managers/widgets.php(368): Elementor\Widget_Base->get_stack(false)
#8 [internal function]: Elementor\Widgets_Manager->ajax_get_widget_types_controls_config(Array, Object(Elementor\Core\Common\Modules\Ajax\Module))
#9 /Users/loichant/Local Sites/planty/app/public/wp-content/plugins/elementor/core/common/modules/ajax/module.php(175): call_user_func(Array, Array, Object(Elementor\Core\Common\Modules\Ajax\Module))
#10 /Users/loichant/Local Sites/planty/app/public/wp-includes/class-wp-hook.php(308): Elementor\Core\Common\Modules\Ajax\Module->handle_ajax_request('')
#11 /Users/loichant/Local Sites/planty/app/public/wp-includes/class-wp-hook.php(332): WP_Hook->apply_filters('', Array)
#12 /Users/loichant/Local Sites/planty/app/public/wp-includes/plugin.php(517): WP_Hook->do_action(Array)
#13 /Users/loichant/Local Sites/planty/app/public/wp-admin/admin-ajax.php(188): do_action('wp_ajax_element...')
#14 {main}
  thrown dans /Users/loichant/Local Sites/planty/app/public/wp-content/plugins/metform/core/entries/action.php à la ligne 810

2023-05-07T14:44:01+00:00 CRITICAL Uncaught TypeError: json_decode(): Argument #1 ($json) must be of type string, array given in /Users/loichant/Local Sites/planty/app/public/wp-content/plugins/metform/core/entries/action.php:810
Stack trace:
#0 /Users/loichant/Local Sites/planty/app/public/wp-content/plugins/metform/core/entries/action.php(810): json_decode(Array)
#1 /Users/loichant/Local Sites/planty/app/public/wp-content/plugins/metform/core/forms/action.php(226): MetForm\Core\Entries\Action->get_fields(18)
#2 /Users/loichant/Local Sites/planty/app/public/wp-content/plugins/metform/traits/quiz-control.php(21): MetForm\Core\Forms\Action->get_all_data(18)
#3 /Users/loichant/Local Sites/planty/app/public/wp-content/plugins/metform/widgets/text/text.php(43): Elementor\MetForm_Input_Text->get_form_type()
#4 /Users/loichant/Local Sites/planty/app/public/wp-content/plugins/elementor/includes/base/controls-stack.php(2329): Elementor\MetForm_Input_Text->register_controls()
#5 /Users/loichant/Local Sites/planty/app/public/wp-content/plugins/elementor/includes/base/controls-stack.php(496): Elementor\Controls_Stack->init_controls()
#6 /Users/loichant/Local Sites/planty/app/public/wp-content/plugins/elementor/includes/base/widget-base.php(177): Elementor\Controls_Stack->get_stack()
#7 /Users/loichant/Local Sites/planty/app/public/wp-content/plugins/elementor/includes/managers/widgets.php(368): Elementor\Widget_Base->get_stack(false)
#8 [internal function]: Elementor\Widgets_Manager->ajax_get_widget_types_controls_config(Array, Object(Elementor\Core\Common\Modules\Ajax\Module))
#9 /Users/loichant/Local Sites/planty/app/public/wp-content/plugins/elementor/core/common/modules/ajax/module.php(175): call_user_func(Array, Array, Object(Elementor\Core\Common\Modules\Ajax\Module))
#10 /Users/loichant/Local Sites/planty/app/public/wp-includes/class-wp-hook.php(308): Elementor\Core\Common\Modules\Ajax\Module->handle_ajax_request('')
#11 /Users/loichant/Local Sites/planty/app/public/wp-includes/class-wp-hook.php(332): WP_Hook->apply_filters('', Array)
#12 /Users/loichant/Local Sites/planty/app/public/wp-includes/plugin.php(517): WP_Hook->do_action(Array)
#13 /Users/loichant/Local Sites/planty/app/public/wp-admin/admin-ajax.php(188): do_action('wp_ajax_element...')
#14 {main}
  thrown dans /Users/loichant/Local Sites/planty/app/public/wp-content/plugins/metform/core/entries/action.php à la ligne 810

2023-05-07T15:47:17+00:00 CRITICAL Uncaught TypeError: json_decode(): Argument #1 ($json) must be of type string, array given in /Users/loichant/Local Sites/planty/app/public/wp-content/plugins/metform/core/entries/action.php:810
Stack trace:
#0 /Users/loichant/Local Sites/planty/app/public/wp-content/plugins/metform/core/entries/action.php(810): json_decode(Array)
#1 /Users/loichant/Local Sites/planty/app/public/wp-content/plugins/metform/core/forms/action.php(226): MetForm\Core\Entries\Action->get_fields(24)
#2 /Users/loichant/Local Sites/planty/app/public/wp-content/plugins/metform/traits/quiz-control.php(21): MetForm\Core\Forms\Action->get_all_data(24)
#3 /Users/loichant/Local Sites/planty/app/public/wp-content/plugins/metform/widgets/text/text.php(43): Elementor\MetForm_Input_Text->get_form_type()
#4 /Users/loichant/Local Sites/planty/app/public/wp-content/plugins/elementor/includes/base/controls-stack.php(2329): Elementor\MetForm_Input_Text->register_controls()
#5 /Users/loichant/Local Sites/planty/app/public/wp-content/plugins/elementor/includes/base/controls-stack.php(496): Elementor\Controls_Stack->init_controls()
#6 /Users/loichant/Local Sites/planty/app/public/wp-content/plugins/elementor/includes/base/widget-base.php(177): Elementor\Controls_Stack->get_stack()
#7 /Users/loichant/Local Sites/planty/app/public/wp-content/plugins/elementor/includes/base/controls-stack.php(300): Elementor\Widget_Base->get_stack()
#8 /Users/loichant/Local Sites/planty/app/public/wp-content/plugins/elementor/includes/base/controls-stack.php(2416): Elementor\Controls_Stack->get_controls()
#9 /Users/loichant/Local Sites/planty/app/public/wp-content/plugins/elementor/includes/base/controls-stack.php(1109): Elementor\Controls_Stack->sanitize_settings(Array)
#10 /Users/loichant/Local Sites/planty/app/public/wp-content/plugins/elementor/includes/base/controls-stack.php(2163): Elementor\Controls_Stack->get_data('settings')
#11 /Users/loichant/Local Sites/planty/app/public/wp-content/plugins/elementor/core/base/base-object.php(142): Elementor\Controls_Stack->get_init_settings()
#12 /Users/loichant/Local Sites/planty/app/public/wp-content/plugins/elementor/core/base/base-object.php(40): Elementor\Core\Base\Base_Object->ensure_settings()
#13 /Users/loichant/Local Sites/planty/app/public/wp-content/plugins/elementor/core/files/css/post.php(296): Elementor\Core\Base\Base_Object->get_settings()
#14 /Users/loichant/Local Sites/planty/app/public/wp-content/plugins/elementor/core/files/css/post.php(226): Elementor\Core\Files\CSS\Post->render_styles(Object(Elementor\MetForm_Input_Text))
#15 /Users/loichant/Local Sites/planty/app/public/wp-content/plugins/elementor/core/files/css/post.php(298): Elementor\Core\Files\CSS\Post->add_controls_stack_style_rules(Object(Elementor\Element_Column), Array, Array, Array, Array)
#16 /Users/loichant/Local Sites/planty/app/public/wp-content/plugins/elementor/core/files/css/post.php(226): Elementor\Core\Files\CSS\Post->render_styles(Object(Elementor\Element_Column))
#17 /Users/loichant/Local Sites/planty/app/public/wp-content/plugins/elementor/core/files/css/post.php(298): Elementor\Core\Files\CSS\Post->add_controls_stack_style_rules(Object(Elementor\Element_Section), Array, Array, Array, Array)
#18 /Users/loichant/Local Sites/planty/app/public/wp-content/plugins/elementor/core/files/css/post.php(178): Elementor\Core\Files\CSS\Post->render_styles(Object(Elementor\Element_Section))
#19 /Users/loichant/Local Sites/planty/app/public/wp-content/plugins/elementor/core/files/css/base.php(651): Elementor\Core\Files\CSS\Post->render_css()
#20 /Users/loichant/Local Sites/planty/app/public/wp-content/plugins/elementor/core/files/base.php(180): Elementor\Core\Files\CSS\Base->parse_content()
#21 /Users/loichant/Local Sites/planty/app/public/wp-content/plugins/elementor/core/files/css/base.php(130): Elementor\Core\Files\Base->update_file()
#22 /Users/loichant/Local Sites/planty/app/public/wp-content/plugins/elementor/core/files/css/base.php(217): Elementor\Core\Files\CSS\Base->update()
#23 /Users/loichant/Local Sites/planty/app/public/wp-content/plugins/elementor/core/files/css/post.php(201): Elementor\Core\Files\CSS\Base->enqueue()
#24 /Users/loichant/Local Sites/planty/app/public/wp-content/plugins/elementor/includes/frontend.php(1155): Elementor\Core\Files\CSS\Post->enqueue()
#25 /Users/loichant/Local Sites/planty/app/public/wp-content/plugins/elementor/includes/frontend.php(1247): Elementor\Frontend->get_builder_content('543', false)
#26 /Users/loichant/Local Sites/planty/app/public/wp-content/plugins/metform/utils/util.php(307): Elementor\Frontend->get_builder_content_for_display('543')
#27 /Users/loichant/Local Sites/planty/app/public/wp-content/plugins/metform/utils/util.php(489): MetForm\Utils\Util::render_elementor_content('543')
#28 /Users/loichant/Local Sites/planty/app/public/wp-content/plugins/metform/controls/form-picker-utils.php(42): MetForm\Utils\Util::render_form_content('543', '683a90e')
#29 /Users/loichant/Local Sites/planty/app/public/wp-content/plugins/metform/widgets/form.php(131): MetForm\Controls\Form_Picker_Utils::parse('543', '683a90e')
#30 /Users/loichant/Local Sites/planty/app/public/wp-content/plugins/elementor/includes/base/controls-stack.php(2268): Elementor\Widget_Met_Form->render()
#31 /Users/loichant/Local Sites/planty/app/public/wp-content/plugins/elementor/includes/base/widget-base.php(609): Elementor\Controls_Stack->render_by_mode()
#32 /Users/loichant/Local Sites/planty/app/public/wp-content/plugins/elementor/includes/base/widget-base.php(750): Elementor\Widget_Base->render_content()
#33 /Users/loichant/Local Sites/planty/app/public/wp-content/plugins/elementor/includes/base/element-base.php(449): Elementor\Widget_Base->print_content()
#34 /Users/loichant/Local Sites/planty/app/public/wp-content/plugins/elementor/includes/base/element-base.php(1354): Elementor\Element_Base->print_element()
#35 /Users/loichant/Local Sites/planty/app/public/wp-content/plugins/elementor/includes/base/element-base.php(449): Elementor\Element_Base->print_content()
#36 /Users/loichant/Local Sites/planty/app/public/wp-content/plugins/elementor/includes/base/element-base.php(1354): Elementor\Element_Base->print_element()
#37 /Users/loichant/Local Sites/planty/app/public/wp-content/plugins/elementor/includes/base/element-base.php(449): Elementor\Element_Base->print_content()
#38 /Users/loichant/Local Sites/planty/app/public/wp-content/plugins/elementor/core/base/document.php(1680): Elementor\Element_Base->print_element()
#39 /Users/loichant/Local Sites/planty/app/public/wp-content/plugins/elementor/core/base/document.php(1106): Elementor\Core\Base\Document->print_elements(Array)
#40 /Users/loichant/Local Sites/planty/app/public/wp-content/plugins/elementor/includes/frontend.php(1179): Elementor\Core\Base\Document->print_elements_with_wrapper(Array)
#41 /Users/loichant/Local Sites/planty/app/public/wp-content/plugins/elementor/includes/frontend.php(1074): Elementor\Frontend->get_builder_content(24)
#42 /Users/loichant/Local Sites/planty/app/public/wp-includes/class-wp-hook.php(308): Elementor\Frontend->apply_builder_in_content('\n<p></p>\n\n\n<p><...')
#43 /Users/loichant/Local Sites/planty/app/public/wp-includes/plugin.php(205): WP_Hook->apply_filters('\n<p></p>\n\n\n<p><...', Array)
#44 /Users/loichant/Local Sites/planty/app/public/wp-includes/post-template.php(255): apply_filters('the_content', '<!-- wp:paragra...')
#45 /Users/loichant/Local Sites/planty/app/public/wp-content/plugins/elementor/modules/page-templates/module.php(190): the_content()
#46 [internal function]: Elementor\Modules\PageTemplates\Module->print_callback()
#47 /Users/loichant/Local Sites/planty/app/public/wp-content/plugins/elementor/modules/page-templates/module.php(207): call_user_func(Array)
#48 /Users/loichant/Local Sites/planty/app/public/wp-content/plugins/elementor/modules/page-templates/templates/header-footer.php(19): Elementor\Modules\PageTemplates\Module->print_content()
#49 /Users/loichant/Local Sites/planty/app/public/wp-includes/template-loader.php(106): include('/Users/loichant...')
#50 /Users/loichant/Local Sites/planty/app/public/wp-blog-header.php(19): require_once('/Users/loichant...')
#51 /Users/loichant/Local Sites/planty/app/public/index.php(17): require('/Users/loichant...')
#52 {main}
  thrown dans /Users/loichant/Local Sites/planty/app/public/wp-content/plugins/metform/core/entries/action.php à la ligne 810

2023-05-07T15:47:18+00:00 CRITICAL Uncaught TypeError: json_decode(): Argument #1 ($json) must be of type string, array given in /Users/loichant/Local Sites/planty/app/public/wp-content/plugins/metform/core/entries/action.php:810
Stack trace:
#0 /Users/loichant/Local Sites/planty/app/public/wp-content/plugins/metform/core/entries/action.php(810): json_decode(Array)
#1 /Users/loichant/Local Sites/planty/app/public/wp-content/plugins/metform/core/forms/action.php(226): MetForm\Core\Entries\Action->get_fields(24)
#2 /Users/loichant/Local Sites/planty/app/public/wp-content/plugins/metform/traits/quiz-control.php(21): MetForm\Core\Forms\Action->get_all_data(24)
#3 /Users/loichant/Local Sites/planty/app/public/wp-content/plugins/metform/widgets/text/text.php(43): Elementor\MetForm_Input_Text->get_form_type()
#4 /Users/loichant/Local Sites/planty/app/public/wp-content/plugins/elementor/includes/base/controls-stack.php(2329): Elementor\MetForm_Input_Text->register_controls()
#5 /Users/loichant/Local Sites/planty/app/public/wp-content/plugins/elementor/includes/base/controls-stack.php(496): Elementor\Controls_Stack->init_controls()
#6 /Users/loichant/Local Sites/planty/app/public/wp-content/plugins/elementor/includes/base/widget-base.php(177): Elementor\Controls_Stack->get_stack()
#7 /Users/loichant/Local Sites/planty/app/public/wp-content/plugins/elementor/includes/base/controls-stack.php(300): Elementor\Widget_Base->get_stack()
#8 /Users/loichant/Local Sites/planty/app/public/wp-content/plugins/elementor/includes/base/controls-stack.php(2416): Elementor\Controls_Stack->get_controls()
#9 /Users/loichant/Local Sites/planty/app/public/wp-content/plugins/elementor/includes/base/controls-stack.php(1109): Elementor\Controls_Stack->sanitize_settings(Array)
#10 /Users/loichant/Local Sites/planty/app/public/wp-content/plugins/elementor/includes/base/controls-stack.php(2163): Elementor\Controls_Stack->get_data('settings')
#11 /Users/loichant/Local Sites/planty/app/public/wp-content/plugins/elementor/core/base/base-object.php(142): Elementor\Controls_Stack->get_init_settings()
#12 /Users/loichant/Local Sites/planty/app/public/wp-content/plugins/elementor/core/base/base-object.php(40): Elementor\Core\Base\Base_Object->ensure_settings()
#13 /Users/loichant/Local Sites/planty/app/public/wp-content/plugins/elementor/core/files/css/post.php(296): Elementor\Core\Base\Base_Object->get_settings()
#14 /Users/loichant/Local Sites/planty/app/public/wp-content/plugins/elementor/core/files/css/post.php(226): Elementor\Core\Files\CSS\Post->render_styles(Object(Elementor\MetForm_Input_Text))
#15 /Users/loichant/Local Sites/planty/app/public/wp-content/plugins/elementor/core/files/css/post.php(298): Elementor\Core\Files\CSS\Post->add_controls_stack_style_rules(Object(Elementor\Element_Column), Array, Array, Array, Array)
#16 /Users/loichant/Local Sites/planty/app/public/wp-content/plugins/elementor/core/files/css/post.php(226): Elementor\Core\Files\CSS\Post->render_styles(Object(Elementor\Element_Column))
#17 /Users/loichant/Local Sites/planty/app/public/wp-content/plugins/elementor/core/files/css/post.php(298): Elementor\Core\Files\CSS\Post->add_controls_stack_style_rules(Object(Elementor\Element_Section), Array, Array, Array, Array)
#18 /Users/loichant/Local Sites/planty/app/public/wp-content/plugins/elementor/core/files/css/post.php(178): Elementor\Core\Files\CSS\Post->render_styles(Object(Elementor\Element_Section))
#19 /Users/loichant/Local Sites/planty/app/public/wp-content/plugins/elementor/core/files/css/base.php(651): Elementor\Core\Files\CSS\Post->render_css()
#20 /Users/loichant/Local Sites/planty/app/public/wp-content/plugins/elementor/core/files/base.php(180): Elementor\Core\Files\CSS\Base->parse_content()
#21 /Users/loichant/Local Sites/planty/app/public/wp-content/plugins/elementor/core/files/css/base.php(130): Elementor\Core\Files\Base->update_file()
#22 /Users/loichant/Local Sites/planty/app/public/wp-content/plugins/elementor/core/files/css/base.php(217): Elementor\Core\Files\CSS\Base->update()
#23 /Users/loichant/Local Sites/planty/app/public/wp-content/plugins/elementor/core/files/css/post.php(201): Elementor\Core\Files\CSS\Base->enqueue()
#24 /Users/loichant/Local Sites/planty/app/public/wp-content/plugins/elementor/includes/frontend.php(1155): Elementor\Core\Files\CSS\Post->enqueue()
#25 /Users/loichant/Local Sites/planty/app/public/wp-content/plugins/elementor/includes/frontend.php(1247): Elementor\Frontend->get_builder_content('543', false)
#26 /Users/loichant/Local Sites/planty/app/public/wp-content/plugins/metform/utils/util.php(307): Elementor\Frontend->get_builder_content_for_display('543')
#27 /Users/loichant/Local Sites/planty/app/public/wp-content/plugins/metform/utils/util.php(489): MetForm\Utils\Util::render_elementor_content('543')
#28 /Users/loichant/Local Sites/planty/app/public/wp-content/plugins/metform/controls/form-picker-utils.php(42): MetForm\Utils\Util::render_form_content('543', '683a90e')
#29 /Users/loichant/Local Sites/planty/app/public/wp-content/plugins/metform/widgets/form.php(131): MetForm\Controls\Form_Picker_Utils::parse('543', '683a90e')
#30 /Users/loichant/Local Sites/planty/app/public/wp-content/plugins/elementor/includes/base/controls-stack.php(2268): Elementor\Widget_Met_Form->render()
#31 /Users/loichant/Local Sites/planty/app/public/wp-content/plugins/elementor/includes/base/widget-base.php(609): Elementor\Controls_Stack->render_by_mode()
#32 /Users/loichant/Local Sites/planty/app/public/wp-content/plugins/elementor/includes/base/widget-base.php(750): Elementor\Widget_Base->render_content()
#33 /Users/loichant/Local Sites/planty/app/public/wp-content/plugins/elementor/includes/base/element-base.php(449): Elementor\Widget_Base->print_content()
#34 /Users/loichant/Local Sites/planty/app/public/wp-content/plugins/elementor/includes/base/element-base.php(1354): Elementor\Element_Base->print_element()
#35 /Users/loichant/Local Sites/planty/app/public/wp-content/plugins/elementor/includes/base/element-base.php(449): Elementor\Element_Base->print_content()
#36 /Users/loichant/Local Sites/planty/app/public/wp-content/plugins/elementor/includes/base/element-base.php(1354): Elementor\Element_Base->print_element()
#37 /Users/loichant/Local Sites/planty/app/public/wp-content/plugins/elementor/includes/base/element-base.php(449): Elementor\Element_Base->print_content()
#38 /Users/loichant/Local Sites/planty/app/public/wp-content/plugins/elementor/core/base/document.php(1680): Elementor\Element_Base->print_element()
#39 /Users/loichant/Local Sites/planty/app/public/wp-content/plugins/elementor/core/base/document.php(1106): Elementor\Core\Base\Document->print_elements(Array)
#40 /Users/loichant/Local Sites/planty/app/public/wp-content/plugins/elementor/includes/frontend.php(1179): Elementor\Core\Base\Document->print_elements_with_wrapper(Array)
#41 /Users/loichant/Local Sites/planty/app/public/wp-content/plugins/elementor/includes/frontend.php(1074): Elementor\Frontend->get_builder_content(24)
#42 /Users/loichant/Local Sites/planty/app/public/wp-includes/class-wp-hook.php(308): Elementor\Frontend->apply_builder_in_content('\n<p></p>\n\n\n<p><...')
#43 /Users/loichant/Local Sites/planty/app/public/wp-includes/plugin.php(205): WP_Hook->apply_filters('\n<p></p>\n\n\n<p><...', Array)
#44 /Users/loichant/Local Sites/planty/app/public/wp-includes/post-template.php(255): apply_filters('the_content', '<!-- wp:paragra...')
#45 /Users/loichant/Local Sites/planty/app/public/wp-content/plugins/elementor/modules/page-templates/module.php(190): the_content()
#46 [internal function]: Elementor\Modules\PageTemplates\Module->print_callback()
#47 /Users/loichant/Local Sites/planty/app/public/wp-content/plugins/elementor/modules/page-templates/module.php(207): call_user_func(Array)
#48 /Users/loichant/Local Sites/planty/app/public/wp-content/plugins/elementor/modules/page-templates/templates/header-footer.php(19): Elementor\Modules\PageTemplates\Module->print_content()
#49 /Users/loichant/Local Sites/planty/app/public/wp-includes/template-loader.php(106): include('/Users/loichant...')
#50 /Users/loichant/Local Sites/planty/app/public/wp-blog-header.php(19): require_once('/Users/loichant...')
#51 /Users/loichant/Local Sites/planty/app/public/index.php(17): require('/Users/loichant...')
#52 {main}
  thrown dans /Users/loichant/Local Sites/planty/app/public/wp-content/plugins/metform/core/entries/action.php à la ligne 810

2023-05-07T15:48:19+00:00 CRITICAL Uncaught TypeError: json_decode(): Argument #1 ($json) must be of type string, array given in /Users/loichant/Local Sites/planty/app/public/wp-content/plugins/metform/core/entries/action.php:810
Stack trace:
#0 /Users/loichant/Local Sites/planty/app/public/wp-content/plugins/metform/core/entries/action.php(810): json_decode(Array)
#1 /Users/loichant/Local Sites/planty/app/public/wp-content/plugins/metform/core/forms/action.php(226): MetForm\Core\Entries\Action->get_fields(24)
#2 /Users/loichant/Local Sites/planty/app/public/wp-content/plugins/metform/traits/quiz-control.php(21): MetForm\Core\Forms\Action->get_all_data(24)
#3 /Users/loichant/Local Sites/planty/app/public/wp-content/plugins/metform/widgets/text/text.php(43): Elementor\MetForm_Input_Text->get_form_type()
#4 /Users/loichant/Local Sites/planty/app/public/wp-content/plugins/elementor/includes/base/controls-stack.php(2329): Elementor\MetForm_Input_Text->register_controls()
#5 /Users/loichant/Local Sites/planty/app/public/wp-content/plugins/elementor/includes/base/controls-stack.php(496): Elementor\Controls_Stack->init_controls()
#6 /Users/loichant/Local Sites/planty/app/public/wp-content/plugins/elementor/includes/base/widget-base.php(177): Elementor\Controls_Stack->get_stack()
#7 /Users/loichant/Local Sites/planty/app/public/wp-content/plugins/elementor/includes/base/controls-stack.php(300): Elementor\Widget_Base->get_stack()
#8 /Users/loichant/Local Sites/planty/app/public/wp-content/plugins/elementor/includes/base/controls-stack.php(2416): Elementor\Controls_Stack->get_controls()
#9 /Users/loichant/Local Sites/planty/app/public/wp-content/plugins/elementor/includes/base/controls-stack.php(1109): Elementor\Controls_Stack->sanitize_settings(Array)
#10 /Users/loichant/Local Sites/planty/app/public/wp-content/plugins/elementor/includes/base/controls-stack.php(2163): Elementor\Controls_Stack->get_data('settings')
#11 /Users/loichant/Local Sites/planty/app/public/wp-content/plugins/elementor/core/base/base-object.php(142): Elementor\Controls_Stack->get_init_settings()
#12 /Users/loichant/Local Sites/planty/app/public/wp-content/plugins/elementor/core/base/base-object.php(40): Elementor\Core\Base\Base_Object->ensure_settings()
#13 /Users/loichant/Local Sites/planty/app/public/wp-content/plugins/elementor/core/files/css/post.php(296): Elementor\Core\Base\Base_Object->get_settings()
#14 /Users/loichant/Local Sites/planty/app/public/wp-content/plugins/elementor/core/files/css/post.php(226): Elementor\Core\Files\CSS\Post->render_styles(Object(Elementor\MetForm_Input_Text))
#15 /Users/loichant/Local Sites/planty/app/public/wp-content/plugins/elementor/core/files/css/post.php(298): Elementor\Core\Files\CSS\Post->add_controls_stack_style_rules(Object(Elementor\Element_Column), Array, Array, Array, Array)
#16 /Users/loichant/Local Sites/planty/app/public/wp-content/plugins/elementor/core/files/css/post.php(226): Elementor\Core\Files\CSS\Post->render_styles(Object(Elementor\Element_Column))
#17 /Users/loichant/Local Sites/planty/app/public/wp-content/plugins/elementor/core/files/css/post.php(298): Elementor\Core\Files\CSS\Post->add_controls_stack_style_rules(Object(Elementor\Element_Section), Array, Array, Array, Array)
#18 /Users/loichant/Local Sites/planty/app/public/wp-content/plugins/elementor/core/files/css/post.php(178): Elementor\Core\Files\CSS\Post->render_styles(Object(Elementor\Element_Section))
#19 /Users/loichant/Local Sites/planty/app/public/wp-content/plugins/elementor/core/files/css/base.php(651): Elementor\Core\Files\CSS\Post->render_css()
#20 /Users/loichant/Local Sites/planty/app/public/wp-content/plugins/elementor/core/files/base.php(180): Elementor\Core\Files\CSS\Base->parse_content()
#21 /Users/loichant/Local Sites/planty/app/public/wp-content/plugins/elementor/core/files/css/base.php(130): Elementor\Core\Files\Base->update_file()
#22 /Users/loichant/Local Sites/planty/app/public/wp-content/plugins/elementor/core/files/css/base.php(217): Elementor\Core\Files\CSS\Base->update()
#23 /Users/loichant/Local Sites/planty/app/public/wp-content/plugins/elementor/core/files/css/post.php(201): Elementor\Core\Files\CSS\Base->enqueue()
#24 /Users/loichant/Local Sites/planty/app/public/wp-content/plugins/elementor/includes/frontend.php(1155): Elementor\Core\Files\CSS\Post->enqueue()
#25 /Users/loichant/Local Sites/planty/app/public/wp-content/plugins/elementor/includes/frontend.php(1247): Elementor\Frontend->get_builder_content('543', false)
#26 /Users/loichant/Local Sites/planty/app/public/wp-content/plugins/metform/utils/util.php(307): Elementor\Frontend->get_builder_content_for_display('543')
#27 /Users/loichant/Local Sites/planty/app/public/wp-content/plugins/metform/utils/util.php(489): MetForm\Utils\Util::render_elementor_content('543')
#28 /Users/loichant/Local Sites/planty/app/public/wp-content/plugins/metform/controls/form-picker-utils.php(42): MetForm\Utils\Util::render_form_content('543', '683a90e')
#29 /Users/loichant/Local Sites/planty/app/public/wp-content/plugins/metform/widgets/form.php(131): MetForm\Controls\Form_Picker_Utils::parse('543', '683a90e')
#30 /Users/loichant/Local Sites/planty/app/public/wp-content/plugins/elementor/includes/base/controls-stack.php(2268): Elementor\Widget_Met_Form->render()
#31 /Users/loichant/Local Sites/planty/app/public/wp-content/plugins/elementor/includes/base/widget-base.php(609): Elementor\Controls_Stack->render_by_mode()
#32 /Users/loichant/Local Sites/planty/app/public/wp-content/plugins/elementor/includes/base/widget-base.php(750): Elementor\Widget_Base->render_content()
#33 /Users/loichant/Local Sites/planty/app/public/wp-content/plugins/elementor/includes/base/element-base.php(449): Elementor\Widget_Base->print_content()
#34 /Users/loichant/Local Sites/planty/app/public/wp-content/plugins/elementor/includes/base/element-base.php(1354): Elementor\Element_Base->print_element()
#35 /Users/loichant/Local Sites/planty/app/public/wp-content/plugins/elementor/includes/base/element-base.php(449): Elementor\Element_Base->print_content()
#36 /Users/loichant/Local Sites/planty/app/public/wp-content/plugins/elementor/includes/base/element-base.php(1354): Elementor\Element_Base->print_element()
#37 /Users/loichant/Local Sites/planty/app/public/wp-content/plugins/elementor/includes/base/element-base.php(449): Elementor\Element_Base->print_content()
#38 /Users/loichant/Local Sites/planty/app/public/wp-content/plugins/elementor/core/base/document.php(1680): Elementor\Element_Base->print_element()
#39 /Users/loichant/Local Sites/planty/app/public/wp-content/plugins/elementor/core/base/document.php(1106): Elementor\Core\Base\Document->print_elements(Array)
#40 /Users/loichant/Local Sites/planty/app/public/wp-content/plugins/elementor/includes/frontend.php(1179): Elementor\Core\Base\Document->print_elements_with_wrapper(Array)
#41 /Users/loichant/Local Sites/planty/app/public/wp-content/plugins/elementor/includes/frontend.php(1074): Elementor\Frontend->get_builder_content(24)
#42 /Users/loichant/Local Sites/planty/app/public/wp-includes/class-wp-hook.php(308): Elementor\Frontend->apply_builder_in_content('\n<p></p>\n\n\n<p><...')
#43 /Users/loichant/Local Sites/planty/app/public/wp-includes/plugin.php(205): WP_Hook->apply_filters('\n<p></p>\n\n\n<p><...', Array)
#44 /Users/loichant/Local Sites/planty/app/public/wp-includes/post-template.php(255): apply_filters('the_content', '<!-- wp:paragra...')
#45 /Users/loichant/Local Sites/planty/app/public/wp-content/plugins/elementor/modules/page-templates/module.php(190): the_content()
#46 [internal function]: Elementor\Modules\PageTemplates\Module->print_callback()
#47 /Users/loichant/Local Sites/planty/app/public/wp-content/plugins/elementor/modules/page-templates/module.php(207): call_user_func(Array)
#48 /Users/loichant/Local Sites/planty/app/public/wp-content/plugins/elementor/modules/page-templates/templates/header-footer.php(19): Elementor\Modules\PageTemplates\Module->print_content()
#49 /Users/loichant/Local Sites/planty/app/public/wp-includes/template-loader.php(106): include('/Users/loichant...')
#50 /Users/loichant/Local Sites/planty/app/public/wp-blog-header.php(19): require_once('/Users/loichant...')
#51 /Users/loichant/Local Sites/planty/app/public/index.php(17): require('/Users/loichant...')
#52 {main}
  thrown dans /Users/loichant/Local Sites/planty/app/public/wp-content/plugins/metform/core/entries/action.php à la ligne 810

2023-05-07T15:48:20+00:00 CRITICAL Uncaught TypeError: json_decode(): Argument #1 ($json) must be of type string, array given in /Users/loichant/Local Sites/planty/app/public/wp-content/plugins/metform/core/entries/action.php:810
Stack trace:
#0 /Users/loichant/Local Sites/planty/app/public/wp-content/plugins/metform/core/entries/action.php(810): json_decode(Array)
#1 /Users/loichant/Local Sites/planty/app/public/wp-content/plugins/metform/core/forms/action.php(226): MetForm\Core\Entries\Action->get_fields(24)
#2 /Users/loichant/Local Sites/planty/app/public/wp-content/plugins/metform/traits/quiz-control.php(21): MetForm\Core\Forms\Action->get_all_data(24)
#3 /Users/loichant/Local Sites/planty/app/public/wp-content/plugins/metform/widgets/text/text.php(43): Elementor\MetForm_Input_Text->get_form_type()
#4 /Users/loichant/Local Sites/planty/app/public/wp-content/plugins/elementor/includes/base/controls-stack.php(2329): Elementor\MetForm_Input_Text->register_controls()
#5 /Users/loichant/Local Sites/planty/app/public/wp-content/plugins/elementor/includes/base/controls-stack.php(496): Elementor\Controls_Stack->init_controls()
#6 /Users/loichant/Local Sites/planty/app/public/wp-content/plugins/elementor/includes/base/widget-base.php(177): Elementor\Controls_Stack->get_stack()
#7 /Users/loichant/Local Sites/planty/app/public/wp-content/plugins/elementor/includes/base/controls-stack.php(300): Elementor\Widget_Base->get_stack()
#8 /Users/loichant/Local Sites/planty/app/public/wp-content/plugins/elementor/includes/base/controls-stack.php(2416): Elementor\Controls_Stack->get_controls()
#9 /Users/loichant/Local Sites/planty/app/public/wp-content/plugins/elementor/includes/base/controls-stack.php(1109): Elementor\Controls_Stack->sanitize_settings(Array)
#10 /Users/loichant/Local Sites/planty/app/public/wp-content/plugins/elementor/includes/base/controls-stack.php(2163): Elementor\Controls_Stack->get_data('settings')
#11 /Users/loichant/Local Sites/planty/app/public/wp-content/plugins/elementor/core/base/base-object.php(142): Elementor\Controls_Stack->get_init_settings()
#12 /Users/loichant/Local Sites/planty/app/public/wp-content/plugins/elementor/core/base/base-object.php(40): Elementor\Core\Base\Base_Object->ensure_settings()
#13 /Users/loichant/Local Sites/planty/app/public/wp-content/plugins/elementor/core/files/css/post.php(296): Elementor\Core\Base\Base_Object->get_settings()
#14 /Users/loichant/Local Sites/planty/app/public/wp-content/plugins/elementor/core/files/css/post.php(226): Elementor\Core\Files\CSS\Post->render_styles(Object(Elementor\MetForm_Input_Text))
#15 /Users/loichant/Local Sites/planty/app/public/wp-content/plugins/elementor/core/files/css/post.php(298): Elementor\Core\Files\CSS\Post->add_controls_stack_style_rules(Object(Elementor\Element_Column), Array, Array, Array, Array)
#16 /Users/loichant/Local Sites/planty/app/public/wp-content/plugins/elementor/core/files/css/post.php(226): Elementor\Core\Files\CSS\Post->render_styles(Object(Elementor\Element_Column))
#17 /Users/loichant/Local Sites/planty/app/public/wp-content/plugins/elementor/core/files/css/post.php(298): Elementor\Core\Files\CSS\Post->add_controls_stack_style_rules(Object(Elementor\Element_Section), Array, Array, Array, Array)
#18 /Users/loichant/Local Sites/planty/app/public/wp-content/plugins/elementor/core/files/css/post.php(178): Elementor\Core\Files\CSS\Post->render_styles(Object(Elementor\Element_Section))
#19 /Users/loichant/Local Sites/planty/app/public/wp-content/plugins/elementor/core/files/css/base.php(651): Elementor\Core\Files\CSS\Post->render_css()
#20 /Users/loichant/Local Sites/planty/app/public/wp-content/plugins/elementor/core/files/base.php(180): Elementor\Core\Files\CSS\Base->parse_content()
#21 /Users/loichant/Local Sites/planty/app/public/wp-content/plugins/elementor/core/files/css/base.php(130): Elementor\Core\Files\Base->update_file()
#22 /Users/loichant/Local Sites/planty/app/public/wp-content/plugins/elementor/core/files/css/base.php(217): Elementor\Core\Files\CSS\Base->update()
#23 /Users/loichant/Local Sites/planty/app/public/wp-content/plugins/elementor/core/files/css/post.php(201): Elementor\Core\Files\CSS\Base->enqueue()
#24 /Users/loichant/Local Sites/planty/app/public/wp-content/plugins/elementor/includes/frontend.php(1155): Elementor\Core\Files\CSS\Post->enqueue()
#25 /Users/loichant/Local Sites/planty/app/public/wp-content/plugins/elementor/includes/frontend.php(1247): Elementor\Frontend->get_builder_content('543', false)
#26 /Users/loichant/Local Sites/planty/app/public/wp-content/plugins/metform/utils/util.php(307): Elementor\Frontend->get_builder_content_for_display('543')
#27 /Users/loichant/Local Sites/planty/app/public/wp-content/plugins/metform/utils/util.php(489): MetForm\Utils\Util::render_elementor_content('543')
#28 /Users/loichant/Local Sites/planty/app/public/wp-content/plugins/metform/controls/form-picker-utils.php(42): MetForm\Utils\Util::render_form_content('543', '683a90e')
#29 /Users/loichant/Local Sites/planty/app/public/wp-content/plugins/metform/widgets/form.php(131): MetForm\Controls\Form_Picker_Utils::parse('543', '683a90e')
#30 /Users/loichant/Local Sites/planty/app/public/wp-content/plugins/elementor/includes/base/controls-stack.php(2268): Elementor\Widget_Met_Form->render()
#31 /Users/loichant/Local Sites/planty/app/public/wp-content/plugins/elementor/includes/base/widget-base.php(609): Elementor\Controls_Stack->render_by_mode()
#32 /Users/loichant/Local Sites/planty/app/public/wp-content/plugins/elementor/includes/base/widget-base.php(750): Elementor\Widget_Base->render_content()
#33 /Users/loichant/Local Sites/planty/app/public/wp-content/plugins/elementor/includes/base/element-base.php(449): Elementor\Widget_Base->print_content()
#34 /Users/loichant/Local Sites/planty/app/public/wp-content/plugins/elementor/includes/base/element-base.php(1354): Elementor\Element_Base->print_element()
#35 /Users/loichant/Local Sites/planty/app/public/wp-content/plugins/elementor/includes/base/element-base.php(449): Elementor\Element_Base->print_content()
#36 /Users/loichant/Local Sites/planty/app/public/wp-content/plugins/elementor/includes/base/element-base.php(1354): Elementor\Element_Base->print_element()
#37 /Users/loichant/Local Sites/planty/app/public/wp-content/plugins/elementor/includes/base/element-base.php(449): Elementor\Element_Base->print_content()
#38 /Users/loichant/Local Sites/planty/app/public/wp-content/plugins/elementor/core/base/document.php(1680): Elementor\Element_Base->print_element()
#39 /Users/loichant/Local Sites/planty/app/public/wp-content/plugins/elementor/core/base/document.php(1106): Elementor\Core\Base\Document->print_elements(Array)
#40 /Users/loichant/Local Sites/planty/app/public/wp-content/plugins/elementor/includes/frontend.php(1179): Elementor\Core\Base\Document->print_elements_with_wrapper(Array)
#41 /Users/loichant/Local Sites/planty/app/public/wp-content/plugins/elementor/includes/frontend.php(1074): Elementor\Frontend->get_builder_content(24)
#42 /Users/loichant/Local Sites/planty/app/public/wp-includes/class-wp-hook.php(308): Elementor\Frontend->apply_builder_in_content('\n<p></p>\n\n\n<p><...')
#43 /Users/loichant/Local Sites/planty/app/public/wp-includes/plugin.php(205): WP_Hook->apply_filters('\n<p></p>\n\n\n<p><...', Array)
#44 /Users/loichant/Local Sites/planty/app/public/wp-includes/post-template.php(255): apply_filters('the_content', '<!-- wp:paragra...')
#45 /Users/loichant/Local Sites/planty/app/public/wp-content/plugins/elementor/modules/page-templates/module.php(190): the_content()
#46 [internal function]: Elementor\Modules\PageTemplates\Module->print_callback()
#47 /Users/loichant/Local Sites/planty/app/public/wp-content/plugins/elementor/modules/page-templates/module.php(207): call_user_func(Array)
#48 /Users/loichant/Local Sites/planty/app/public/wp-content/plugins/elementor/modules/page-templates/templates/header-footer.php(19): Elementor\Modules\PageTemplates\Module->print_content()
#49 /Users/loichant/Local Sites/planty/app/public/wp-includes/template-loader.php(106): include('/Users/loichant...')
#50 /Users/loichant/Local Sites/planty/app/public/wp-blog-header.php(19): require_once('/Users/loichant...')
#51 /Users/loichant/Local Sites/planty/app/public/index.php(17): require('/Users/loichant...')
#52 {main}
  thrown dans /Users/loichant/Local Sites/planty/app/public/wp-content/plugins/metform/core/entries/action.php à la ligne 810

2023-05-07T15:48:23+00:00 CRITICAL Uncaught TypeError: json_decode(): Argument #1 ($json) must be of type string, array given in /Users/loichant/Local Sites/planty/app/public/wp-content/plugins/metform/core/entries/action.php:810
Stack trace:
#0 /Users/loichant/Local Sites/planty/app/public/wp-content/plugins/metform/core/entries/action.php(810): json_decode(Array)
#1 /Users/loichant/Local Sites/planty/app/public/wp-content/plugins/metform/core/forms/action.php(226): MetForm\Core\Entries\Action->get_fields(24)
#2 /Users/loichant/Local Sites/planty/app/public/wp-content/plugins/metform/traits/quiz-control.php(21): MetForm\Core\Forms\Action->get_all_data(24)
#3 /Users/loichant/Local Sites/planty/app/public/wp-content/plugins/metform/widgets/text/text.php(43): Elementor\MetForm_Input_Text->get_form_type()
#4 /Users/loichant/Local Sites/planty/app/public/wp-content/plugins/elementor/includes/base/controls-stack.php(2329): Elementor\MetForm_Input_Text->register_controls()
#5 /Users/loichant/Local Sites/planty/app/public/wp-content/plugins/elementor/includes/base/controls-stack.php(496): Elementor\Controls_Stack->init_controls()
#6 /Users/loichant/Local Sites/planty/app/public/wp-content/plugins/elementor/includes/base/widget-base.php(177): Elementor\Controls_Stack->get_stack()
#7 /Users/loichant/Local Sites/planty/app/public/wp-content/plugins/elementor/includes/base/controls-stack.php(300): Elementor\Widget_Base->get_stack()
#8 /Users/loichant/Local Sites/planty/app/public/wp-content/plugins/elementor/includes/base/controls-stack.php(2416): Elementor\Controls_Stack->get_controls()
#9 /Users/loichant/Local Sites/planty/app/public/wp-content/plugins/elementor/includes/base/controls-stack.php(1109): Elementor\Controls_Stack->sanitize_settings(Array)
#10 /Users/loichant/Local Sites/planty/app/public/wp-content/plugins/elementor/includes/base/controls-stack.php(2163): Elementor\Controls_Stack->get_data('settings')
#11 /Users/loichant/Local Sites/planty/app/public/wp-content/plugins/elementor/core/base/base-object.php(142): Elementor\Controls_Stack->get_init_settings()
#12 /Users/loichant/Local Sites/planty/app/public/wp-content/plugins/elementor/core/base/base-object.php(40): Elementor\Core\Base\Base_Object->ensure_settings()
#13 /Users/loichant/Local Sites/planty/app/public/wp-content/plugins/elementor/core/files/css/post.php(296): Elementor\Core\Base\Base_Object->get_settings()
#14 /Users/loichant/Local Sites/planty/app/public/wp-content/plugins/elementor/core/files/css/post.php(226): Elementor\Core\Files\CSS\Post->render_styles(Object(Elementor\MetForm_Input_Text))
#15 /Users/loichant/Local Sites/planty/app/public/wp-content/plugins/elementor/core/files/css/post.php(298): Elementor\Core\Files\CSS\Post->add_controls_stack_style_rules(Object(Elementor\Element_Column), Array, Array, Array, Array)
#16 /Users/loichant/Local Sites/planty/app/public/wp-content/plugins/elementor/core/files/css/post.php(226): Elementor\Core\Files\CSS\Post->render_styles(Object(Elementor\Element_Column))
#17 /Users/loichant/Local Sites/planty/app/public/wp-content/plugins/elementor/core/files/css/post.php(298): Elementor\Core\Files\CSS\Post->add_controls_stack_style_rules(Object(Elementor\Element_Section), Array, Array, Array, Array)
#18 /Users/loichant/Local Sites/planty/app/public/wp-content/plugins/elementor/core/files/css/post.php(178): Elementor\Core\Files\CSS\Post->render_styles(Object(Elementor\Element_Section))
#19 /Users/loichant/Local Sites/planty/app/public/wp-content/plugins/elementor/core/files/css/base.php(651): Elementor\Core\Files\CSS\Post->render_css()
#20 /Users/loichant/Local Sites/planty/app/public/wp-content/plugins/elementor/core/files/base.php(180): Elementor\Core\Files\CSS\Base->parse_content()
#21 /Users/loichant/Local Sites/planty/app/public/wp-content/plugins/elementor/core/files/css/base.php(130): Elementor\Core\Files\Base->update_file()
#22 /Users/loichant/Local Sites/planty/app/public/wp-content/plugins/elementor/core/files/css/base.php(217): Elementor\Core\Files\CSS\Base->update()
#23 /Users/loichant/Local Sites/planty/app/public/wp-content/plugins/elementor/core/files/css/post.php(201): Elementor\Core\Files\CSS\Base->enqueue()
#24 /Users/loichant/Local Sites/planty/app/public/wp-content/plugins/elementor/includes/frontend.php(1155): Elementor\Core\Files\CSS\Post->enqueue()
#25 /Users/loichant/Local Sites/planty/app/public/wp-content/plugins/elementor/includes/frontend.php(1247): Elementor\Frontend->get_builder_content('543', false)
#26 /Users/loichant/Local Sites/planty/app/public/wp-content/plugins/metform/utils/util.php(307): Elementor\Frontend->get_builder_content_for_display('543')
#27 /Users/loichant/Local Sites/planty/app/public/wp-content/plugins/metform/utils/util.php(489): MetForm\Utils\Util::render_elementor_content('543')
#28 /Users/loichant/Local Sites/planty/app/public/wp-content/plugins/metform/controls/form-picker-utils.php(42): MetForm\Utils\Util::render_form_content('543', '683a90e')
#29 /Users/loichant/Local Sites/planty/app/public/wp-content/plugins/metform/widgets/form.php(131): MetForm\Controls\Form_Picker_Utils::parse('543', '683a90e')
#30 /Users/loichant/Local Sites/planty/app/public/wp-content/plugins/elementor/includes/base/controls-stack.php(2268): Elementor\Widget_Met_Form->render()
#31 /Users/loichant/Local Sites/planty/app/public/wp-content/plugins/elementor/includes/base/widget-base.php(609): Elementor\Controls_Stack->render_by_mode()
#32 /Users/loichant/Local Sites/planty/app/public/wp-content/plugins/elementor/includes/base/widget-base.php(750): Elementor\Widget_Base->render_content()
#33 /Users/loichant/Local Sites/planty/app/public/wp-content/plugins/elementor/includes/base/element-base.php(449): Elementor\Widget_Base->print_content()
#34 /Users/loichant/Local Sites/planty/app/public/wp-content/plugins/elementor/includes/base/element-base.php(1354): Elementor\Element_Base->print_element()
#35 /Users/loichant/Local Sites/planty/app/public/wp-content/plugins/elementor/includes/base/element-base.php(449): Elementor\Element_Base->print_content()
#36 /Users/loichant/Local Sites/planty/app/public/wp-content/plugins/elementor/includes/base/element-base.php(1354): Elementor\Element_Base->print_element()
#37 /Users/loichant/Local Sites/planty/app/public/wp-content/plugins/elementor/includes/base/element-base.php(449): Elementor\Element_Base->print_content()
#38 /Users/loichant/Local Sites/planty/app/public/wp-content/plugins/elementor/core/base/document.php(1680): Elementor\Element_Base->print_element()
#39 /Users/loichant/Local Sites/planty/app/public/wp-content/plugins/elementor/core/base/document.php(1106): Elementor\Core\Base\Document->print_elements(Array)
#40 /Users/loichant/Local Sites/planty/app/public/wp-content/plugins/elementor/includes/frontend.php(1179): Elementor\Core\Base\Document->print_elements_with_wrapper(Array)
#41 /Users/loichant/Local Sites/planty/app/public/wp-content/plugins/elementor/includes/frontend.php(1074): Elementor\Frontend->get_builder_content(24)
#42 /Users/loichant/Local Sites/planty/app/public/wp-includes/class-wp-hook.php(308): Elementor\Frontend->apply_builder_in_content('\n<p></p>\n\n\n<p><...')
#43 /Users/loichant/Local Sites/planty/app/public/wp-includes/plugin.php(205): WP_Hook->apply_filters('\n<p></p>\n\n\n<p><...', Array)
#44 /Users/loichant/Local Sites/planty/app/public/wp-includes/post-template.php(255): apply_filters('the_content', '<!-- wp:paragra...')
#45 /Users/loichant/Local Sites/planty/app/public/wp-content/plugins/elementor/modules/page-templates/module.php(190): the_content()
#46 [internal function]: Elementor\Modules\PageTemplates\Module->print_callback()
#47 /Users/loichant/Local Sites/planty/app/public/wp-content/plugins/elementor/modules/page-templates/module.php(207): call_user_func(Array)
#48 /Users/loichant/Local Sites/planty/app/public/wp-content/plugins/elementor/modules/page-templates/templates/header-footer.php(19): Elementor\Modules\PageTemplates\Module->print_content()
#49 /Users/loichant/Local Sites/planty/app/public/wp-includes/template-loader.php(106): include('/Users/loichant...')
#50 /Users/loichant/Local Sites/planty/app/public/wp-blog-header.php(19): require_once('/Users/loichant...')
#51 /Users/loichant/Local Sites/planty/app/public/index.php(17): require('/Users/loichant...')
#52 {main}
  thrown dans /Users/loichant/Local Sites/planty/app/public/wp-content/plugins/metform/core/entries/action.php à la ligne 810

2023-05-07T15:48:24+00:00 CRITICAL Uncaught TypeError: json_decode(): Argument #1 ($json) must be of type string, array given in /Users/loichant/Local Sites/planty/app/public/wp-content/plugins/metform/core/entries/action.php:810
Stack trace:
#0 /Users/loichant/Local Sites/planty/app/public/wp-content/plugins/metform/core/entries/action.php(810): json_decode(Array)
#1 /Users/loichant/Local Sites/planty/app/public/wp-content/plugins/metform/core/forms/action.php(226): MetForm\Core\Entries\Action->get_fields(24)
#2 /Users/loichant/Local Sites/planty/app/public/wp-content/plugins/metform/traits/quiz-control.php(21): MetForm\Core\Forms\Action->get_all_data(24)
#3 /Users/loichant/Local Sites/planty/app/public/wp-content/plugins/metform/widgets/text/text.php(43): Elementor\MetForm_Input_Text->get_form_type()
#4 /Users/loichant/Local Sites/planty/app/public/wp-content/plugins/elementor/includes/base/controls-stack.php(2329): Elementor\MetForm_Input_Text->register_controls()
#5 /Users/loichant/Local Sites/planty/app/public/wp-content/plugins/elementor/includes/base/controls-stack.php(496): Elementor\Controls_Stack->init_controls()
#6 /Users/loichant/Local Sites/planty/app/public/wp-content/plugins/elementor/includes/base/widget-base.php(177): Elementor\Controls_Stack->get_stack()
#7 /Users/loichant/Local Sites/planty/app/public/wp-content/plugins/elementor/includes/base/controls-stack.php(300): Elementor\Widget_Base->get_stack()
#8 /Users/loichant/Local Sites/planty/app/public/wp-content/plugins/elementor/includes/base/controls-stack.php(2416): Elementor\Controls_Stack->get_controls()
#9 /Users/loichant/Local Sites/planty/app/public/wp-content/plugins/elementor/includes/base/controls-stack.php(1109): Elementor\Controls_Stack->sanitize_settings(Array)
#10 /Users/loichant/Local Sites/planty/app/public/wp-content/plugins/elementor/includes/base/controls-stack.php(2163): Elementor\Controls_Stack->get_data('settings')
#11 /Users/loichant/Local Sites/planty/app/public/wp-content/plugins/elementor/core/base/base-object.php(142): Elementor\Controls_Stack->get_init_settings()
#12 /Users/loichant/Local Sites/planty/app/public/wp-content/plugins/elementor/core/base/base-object.php(40): Elementor\Core\Base\Base_Object->ensure_settings()
#13 /Users/loichant/Local Sites/planty/app/public/wp-content/plugins/elementor/core/files/css/post.php(296): Elementor\Core\Base\Base_Object->get_settings()
#14 /Users/loichant/Local Sites/planty/app/public/wp-content/plugins/elementor/core/files/css/post.php(226): Elementor\Core\Files\CSS\Post->render_styles(Object(Elementor\MetForm_Input_Text))
#15 /Users/loichant/Local Sites/planty/app/public/wp-content/plugins/elementor/core/files/css/post.php(298): Elementor\Core\Files\CSS\Post->add_controls_stack_style_rules(Object(Elementor\Element_Column), Array, Array, Array, Array)
#16 /Users/loichant/Local Sites/planty/app/public/wp-content/plugins/elementor/core/files/css/post.php(226): Elementor\Core\Files\CSS\Post->render_styles(Object(Elementor\Element_Column))
#17 /Users/loichant/Local Sites/planty/app/public/wp-content/plugins/elementor/core/files/css/post.php(298): Elementor\Core\Files\CSS\Post->add_controls_stack_style_rules(Object(Elementor\Element_Section), Array, Array, Array, Array)
#18 /Users/loichant/Local Sites/planty/app/public/wp-content/plugins/elementor/core/files/css/post.php(178): Elementor\Core\Files\CSS\Post->render_styles(Object(Elementor\Element_Section))
#19 /Users/loichant/Local Sites/planty/app/public/wp-content/plugins/elementor/core/files/css/base.php(651): Elementor\Core\Files\CSS\Post->render_css()
#20 /Users/loichant/Local Sites/planty/app/public/wp-content/plugins/elementor/core/files/base.php(180): Elementor\Core\Files\CSS\Base->parse_content()
#21 /Users/loichant/Local Sites/planty/app/public/wp-content/plugins/elementor/core/files/css/base.php(130): Elementor\Core\Files\Base->update_file()
#22 /Users/loichant/Local Sites/planty/app/public/wp-content/plugins/elementor/core/files/css/base.php(217): Elementor\Core\Files\CSS\Base->update()
#23 /Users/loichant/Local Sites/planty/app/public/wp-content/plugins/elementor/core/files/css/post.php(201): Elementor\Core\Files\CSS\Base->enqueue()
#24 /Users/loichant/Local Sites/planty/app/public/wp-content/plugins/elementor/includes/frontend.php(1155): Elementor\Core\Files\CSS\Post->enqueue()
#25 /Users/loichant/Local Sites/planty/app/public/wp-content/plugins/elementor/includes/frontend.php(1247): Elementor\Frontend->get_builder_content('543', false)
#26 /Users/loichant/Local Sites/planty/app/public/wp-content/plugins/metform/utils/util.php(307): Elementor\Frontend->get_builder_content_for_display('543')
#27 /Users/loichant/Local Sites/planty/app/public/wp-content/plugins/metform/utils/util.php(489): MetForm\Utils\Util::render_elementor_content('543')
#28 /Users/loichant/Local Sites/planty/app/public/wp-content/plugins/metform/controls/form-picker-utils.php(42): MetForm\Utils\Util::render_form_content('543', '683a90e')
#29 /Users/loichant/Local Sites/planty/app/public/wp-content/plugins/metform/widgets/form.php(131): MetForm\Controls\Form_Picker_Utils::parse('543', '683a90e')
#30 /Users/loichant/Local Sites/planty/app/public/wp-content/plugins/elementor/includes/base/controls-stack.php(2268): Elementor\Widget_Met_Form->render()
#31 /Users/loichant/Local Sites/planty/app/public/wp-content/plugins/elementor/includes/base/widget-base.php(609): Elementor\Controls_Stack->render_by_mode()
#32 /Users/loichant/Local Sites/planty/app/public/wp-content/plugins/elementor/includes/base/widget-base.php(750): Elementor\Widget_Base->render_content()
#33 /Users/loichant/Local Sites/planty/app/public/wp-content/plugins/elementor/includes/base/element-base.php(449): Elementor\Widget_Base->print_content()
#34 /Users/loichant/Local Sites/planty/app/public/wp-content/plugins/elementor/includes/base/element-base.php(1354): Elementor\Element_Base->print_element()
#35 /Users/loichant/Local Sites/planty/app/public/wp-content/plugins/elementor/includes/base/element-base.php(449): Elementor\Element_Base->print_content()
#36 /Users/loichant/Local Sites/planty/app/public/wp-content/plugins/elementor/includes/base/element-base.php(1354): Elementor\Element_Base->print_element()
#37 /Users/loichant/Local Sites/planty/app/public/wp-content/plugins/elementor/includes/base/element-base.php(449): Elementor\Element_Base->print_content()
#38 /Users/loichant/Local Sites/planty/app/public/wp-content/plugins/elementor/core/base/document.php(1680): Elementor\Element_Base->print_element()
#39 /Users/loichant/Local Sites/planty/app/public/wp-content/plugins/elementor/core/base/document.php(1106): Elementor\Core\Base\Document->print_elements(Array)
#40 /Users/loichant/Local Sites/planty/app/public/wp-content/plugins/elementor/includes/frontend.php(1179): Elementor\Core\Base\Document->print_elements_with_wrapper(Array)
#41 /Users/loichant/Local Sites/planty/app/public/wp-content/plugins/elementor/includes/frontend.php(1074): Elementor\Frontend->get_builder_content(24)
#42 /Users/loichant/Local Sites/planty/app/public/wp-includes/class-wp-hook.php(308): Elementor\Frontend->apply_builder_in_content('\n<p></p>\n\n\n<p><...')
#43 /Users/loichant/Local Sites/planty/app/public/wp-includes/plugin.php(205): WP_Hook->apply_filters('\n<p></p>\n\n\n<p><...', Array)
#44 /Users/loichant/Local Sites/planty/app/public/wp-includes/post-template.php(255): apply_filters('the_content', '<!-- wp:paragra...')
#45 /Users/loichant/Local Sites/planty/app/public/wp-content/plugins/elementor/modules/page-templates/module.php(190): the_content()
#46 [internal function]: Elementor\Modules\PageTemplates\Module->print_callback()
#47 /Users/loichant/Local Sites/planty/app/public/wp-content/plugins/elementor/modules/page-templates/module.php(207): call_user_func(Array)
#48 /Users/loichant/Local Sites/planty/app/public/wp-content/plugins/elementor/modules/page-templates/templates/header-footer.php(19): Elementor\Modules\PageTemplates\Module->print_content()
#49 /Users/loichant/Local Sites/planty/app/public/wp-includes/template-loader.php(106): include('/Users/loichant...')
#50 /Users/loichant/Local Sites/planty/app/public/wp-blog-header.php(19): require_once('/Users/loichant...')
#51 /Users/loichant/Local Sites/planty/app/public/index.php(17): require('/Users/loichant...')
#52 {main}
  thrown dans /Users/loichant/Local Sites/planty/app/public/wp-content/plugins/metform/core/entries/action.php à la ligne 810

2023-05-07T17:08:42+00:00 CRITICAL Uncaught TypeError: json_decode(): Argument #1 ($json) must be of type string, array given in /Users/loichant/Local Sites/planty/app/public/wp-content/plugins/metform/core/entries/action.php:810
Stack trace:
#0 /Users/loichant/Local Sites/planty/app/public/wp-content/plugins/metform/core/entries/action.php(810): json_decode(Array)
#1 /Users/loichant/Local Sites/planty/app/public/wp-content/plugins/metform/core/forms/action.php(226): MetForm\Core\Entries\Action->get_fields(24)
#2 /Users/loichant/Local Sites/planty/app/public/wp-content/plugins/metform/traits/quiz-control.php(21): MetForm\Core\Forms\Action->get_all_data(24)
#3 /Users/loichant/Local Sites/planty/app/public/wp-content/plugins/metform/widgets/text/text.php(43): Elementor\MetForm_Input_Text->get_form_type()
#4 /Users/loichant/Local Sites/planty/app/public/wp-content/plugins/elementor/includes/base/controls-stack.php(2329): Elementor\MetForm_Input_Text->register_controls()
#5 /Users/loichant/Local Sites/planty/app/public/wp-content/plugins/elementor/includes/base/controls-stack.php(496): Elementor\Controls_Stack->init_controls()
#6 /Users/loichant/Local Sites/planty/app/public/wp-content/plugins/elementor/includes/base/widget-base.php(177): Elementor\Controls_Stack->get_stack()
#7 /Users/loichant/Local Sites/planty/app/public/wp-content/plugins/elementor/includes/base/controls-stack.php(300): Elementor\Widget_Base->get_stack()
#8 /Users/loichant/Local Sites/planty/app/public/wp-content/plugins/elementor/includes/base/controls-stack.php(2416): Elementor\Controls_Stack->get_controls()
#9 /Users/loichant/Local Sites/planty/app/public/wp-content/plugins/elementor/includes/base/controls-stack.php(1109): Elementor\Controls_Stack->sanitize_settings(Array)
#10 /Users/loichant/Local Sites/planty/app/public/wp-content/plugins/elementor/includes/base/controls-stack.php(2163): Elementor\Controls_Stack->get_data('settings')
#11 /Users/loichant/Local Sites/planty/app/public/wp-content/plugins/elementor/core/base/base-object.php(142): Elementor\Controls_Stack->get_init_settings()
#12 /Users/loichant/Local Sites/planty/app/public/wp-content/plugins/elementor/core/base/base-object.php(40): Elementor\Core\Base\Base_Object->ensure_settings()
#13 /Users/loichant/Local Sites/planty/app/public/wp-content/plugins/elementor/includes/base/widget-base.php(923): Elementor\Core\Base\Base_Object->get_settings('_skin')
#14 /Users/loichant/Local Sites/planty/app/public/wp-content/plugins/elementor/includes/base/widget-base.php(937): Elementor\Widget_Base->get_current_skin_id()
#15 /Users/loichant/Local Sites/planty/app/public/wp-content/plugins/elementor/includes/base/widget-base.php(604): Elementor\Widget_Base->get_current_skin()
#16 /Users/loichant/Local Sites/planty/app/public/wp-content/plugins/elementor/includes/base/widget-base.php(750): Elementor\Widget_Base->render_content()
#17 /Users/loichant/Local Sites/planty/app/public/wp-content/plugins/elementor/includes/base/element-base.php(449): Elementor\Widget_Base->print_content()
#18 /Users/loichant/Local Sites/planty/app/public/wp-content/plugins/elementor/includes/base/element-base.php(1354): Elementor\Element_Base->print_element()
#19 /Users/loichant/Local Sites/planty/app/public/wp-content/plugins/elementor/includes/base/element-base.php(449): Elementor\Element_Base->print_content()
#20 /Users/loichant/Local Sites/planty/app/public/wp-content/plugins/elementor/includes/base/element-base.php(1354): Elementor\Element_Base->print_element()
#21 /Users/loichant/Local Sites/planty/app/public/wp-content/plugins/elementor/includes/base/element-base.php(449): Elementor\Element_Base->print_content()
#22 /Users/loichant/Local Sites/planty/app/public/wp-content/plugins/elementor/core/base/document.php(1680): Elementor\Element_Base->print_element()
#23 /Users/loichant/Local Sites/planty/app/public/wp-content/plugins/elementor/core/base/document.php(1106): Elementor\Core\Base\Document->print_elements(Array)
#24 /Users/loichant/Local Sites/planty/app/public/wp-content/plugins/elementor/includes/frontend.php(1179): Elementor\Core\Base\Document->print_elements_with_wrapper(Array)
#25 /Users/loichant/Local Sites/planty/app/public/wp-content/plugins/elementor/includes/frontend.php(1247): Elementor\Frontend->get_builder_content('543', false)
#26 /Users/loichant/Local Sites/planty/app/public/wp-content/plugins/metform/utils/util.php(307): Elementor\Frontend->get_builder_content_for_display('543')
#27 /Users/loichant/Local Sites/planty/app/public/wp-content/plugins/metform/utils/util.php(489): MetForm\Utils\Util::render_elementor_content('543')
#28 /Users/loichant/Local Sites/planty/app/public/wp-content/plugins/metform/controls/form-picker-utils.php(42): MetForm\Utils\Util::render_form_content('543', '683a90e')
#29 /Users/loichant/Local Sites/planty/app/public/wp-content/plugins/metform/widgets/form.php(131): MetForm\Controls\Form_Picker_Utils::parse('543', '683a90e')
#30 /Users/loichant/Local Sites/planty/app/public/wp-content/plugins/elementor/includes/base/controls-stack.php(2268): Elementor\Widget_Met_Form->render()
#31 /Users/loichant/Local Sites/planty/app/public/wp-content/plugins/elementor/includes/base/widget-base.php(609): Elementor\Controls_Stack->render_by_mode()
#32 /Users/loichant/Local Sites/planty/app/public/wp-content/plugins/elementor/includes/base/widget-base.php(750): Elementor\Widget_Base->render_content()
#33 /Users/loichant/Local Sites/planty/app/public/wp-content/plugins/elementor/includes/base/element-base.php(449): Elementor\Widget_Base->print_content()
#34 /Users/loichant/Local Sites/planty/app/public/wp-content/plugins/elementor/includes/base/element-base.php(1354): Elementor\Element_Base->print_element()
#35 /Users/loichant/Local Sites/planty/app/public/wp-content/plugins/elementor/includes/base/element-base.php(449): Elementor\Element_Base->print_content()
#36 /Users/loichant/Local Sites/planty/app/public/wp-content/plugins/elementor/includes/base/element-base.php(1354): Elementor\Element_Base->print_element()
#37 /Users/loichant/Local Sites/planty/app/public/wp-content/plugins/elementor/includes/base/element-base.php(449): Elementor\Element_Base->print_content()
#38 /Users/loichant/Local Sites/planty/app/public/wp-content/plugins/elementor/core/base/document.php(1680): Elementor\Element_Base->print_element()
#39 /Users/loichant/Local Sites/planty/app/public/wp-content/plugins/elementor/core/base/document.php(1106): Elementor\Core\Base\Document->print_elements(Array)
#40 /Users/loichant/Local Sites/planty/app/public/wp-content/plugins/elementor/includes/frontend.php(1179): Elementor\Core\Base\Document->print_elements_with_wrapper(Array)
#41 /Users/loichant/Local Sites/planty/app/public/wp-content/plugins/elementor/includes/frontend.php(1074): Elementor\Frontend->get_builder_content(24)
#42 /Users/loichant/Local Sites/planty/app/public/wp-includes/class-wp-hook.php(308): Elementor\Frontend->apply_builder_in_content('\n<p></p>\n\n\n<p><...')
#43 /Users/loichant/Local Sites/planty/app/public/wp-includes/plugin.php(205): WP_Hook->apply_filters('\n<p></p>\n\n\n<p><...', Array)
#44 /Users/loichant/Local Sites/planty/app/public/wp-includes/post-template.php(255): apply_filters('the_content', '<!-- wp:paragra...')
#45 /Users/loichant/Local Sites/planty/app/public/wp-content/plugins/elementor/modules/page-templates/module.php(190): the_content()
#46 [internal function]: Elementor\Modules\PageTemplates\Module->print_callback()
#47 /Users/loichant/Local Sites/planty/app/public/wp-content/plugins/elementor/modules/page-templates/module.php(207): call_user_func(Array)
#48 /Users/loichant/Local Sites/planty/app/public/wp-content/plugins/elementor/modules/page-templates/templates/header-footer.php(19): Elementor\Modules\PageTemplates\Module->print_content()
#49 /Users/loichant/Local Sites/planty/app/public/wp-includes/template-loader.php(106): include('/Users/loichant...')
#50 /Users/loichant/Local Sites/planty/app/public/wp-blog-header.php(19): require_once('/Users/loichant...')
#51 /Users/loichant/Local Sites/planty/app/public/index.php(17): require('/Users/loichant...')
#52 {main}
  thrown dans /Users/loichant/Local Sites/planty/app/public/wp-content/plugins/metform/core/entries/action.php à la ligne 810

2023-05-07T17:08:43+00:00 CRITICAL Uncaught TypeError: json_decode(): Argument #1 ($json) must be of type string, array given in /Users/loichant/Local Sites/planty/app/public/wp-content/plugins/metform/core/entries/action.php:810
Stack trace:
#0 /Users/loichant/Local Sites/planty/app/public/wp-content/plugins/metform/core/entries/action.php(810): json_decode(Array)
#1 /Users/loichant/Local Sites/planty/app/public/wp-content/plugins/metform/core/forms/action.php(226): MetForm\Core\Entries\Action->get_fields(24)
#2 /Users/loichant/Local Sites/planty/app/public/wp-content/plugins/metform/traits/quiz-control.php(21): MetForm\Core\Forms\Action->get_all_data(24)
#3 /Users/loichant/Local Sites/planty/app/public/wp-content/plugins/metform/widgets/text/text.php(43): Elementor\MetForm_Input_Text->get_form_type()
#4 /Users/loichant/Local Sites/planty/app/public/wp-content/plugins/elementor/includes/base/controls-stack.php(2329): Elementor\MetForm_Input_Text->register_controls()
#5 /Users/loichant/Local Sites/planty/app/public/wp-content/plugins/elementor/includes/base/controls-stack.php(496): Elementor\Controls_Stack->init_controls()
#6 /Users/loichant/Local Sites/planty/app/public/wp-content/plugins/elementor/includes/base/widget-base.php(177): Elementor\Controls_Stack->get_stack()
#7 /Users/loichant/Local Sites/planty/app/public/wp-content/plugins/elementor/includes/base/controls-stack.php(300): Elementor\Widget_Base->get_stack()
#8 /Users/loichant/Local Sites/planty/app/public/wp-content/plugins/elementor/includes/base/controls-stack.php(2416): Elementor\Controls_Stack->get_controls()
#9 /Users/loichant/Local Sites/planty/app/public/wp-content/plugins/elementor/includes/base/controls-stack.php(1109): Elementor\Controls_Stack->sanitize_settings(Array)
#10 /Users/loichant/Local Sites/planty/app/public/wp-content/plugins/elementor/includes/base/controls-stack.php(2163): Elementor\Controls_Stack->get_data('settings')
#11 /Users/loichant/Local Sites/planty/app/public/wp-content/plugins/elementor/core/base/base-object.php(142): Elementor\Controls_Stack->get_init_settings()
#12 /Users/loichant/Local Sites/planty/app/public/wp-content/plugins/elementor/core/base/base-object.php(40): Elementor\Core\Base\Base_Object->ensure_settings()
#13 /Users/loichant/Local Sites/planty/app/public/wp-content/plugins/elementor/includes/base/widget-base.php(923): Elementor\Core\Base\Base_Object->get_settings('_skin')
#14 /Users/loichant/Local Sites/planty/app/public/wp-content/plugins/elementor/includes/base/widget-base.php(937): Elementor\Widget_Base->get_current_skin_id()
#15 /Users/loichant/Local Sites/planty/app/public/wp-content/plugins/elementor/includes/base/widget-base.php(604): Elementor\Widget_Base->get_current_skin()
#16 /Users/loichant/Local Sites/planty/app/public/wp-content/plugins/elementor/includes/base/widget-base.php(750): Elementor\Widget_Base->render_content()
#17 /Users/loichant/Local Sites/planty/app/public/wp-content/plugins/elementor/includes/base/element-base.php(449): Elementor\Widget_Base->print_content()
#18 /Users/loichant/Local Sites/planty/app/public/wp-content/plugins/elementor/includes/base/element-base.php(1354): Elementor\Element_Base->print_element()
#19 /Users/loichant/Local Sites/planty/app/public/wp-content/plugins/elementor/includes/base/element-base.php(449): Elementor\Element_Base->print_content()
#20 /Users/loichant/Local Sites/planty/app/public/wp-content/plugins/elementor/includes/base/element-base.php(1354): Elementor\Element_Base->print_element()
#21 /Users/loichant/Local Sites/planty/app/public/wp-content/plugins/elementor/includes/base/element-base.php(449): Elementor\Element_Base->print_content()
#22 /Users/loichant/Local Sites/planty/app/public/wp-content/plugins/elementor/core/base/document.php(1680): Elementor\Element_Base->print_element()
#23 /Users/loichant/Local Sites/planty/app/public/wp-content/plugins/elementor/core/base/document.php(1106): Elementor\Core\Base\Document->print_elements(Array)
#24 /Users/loichant/Local Sites/planty/app/public/wp-content/plugins/elementor/includes/frontend.php(1179): Elementor\Core\Base\Document->print_elements_with_wrapper(Array)
#25 /Users/loichant/Local Sites/planty/app/public/wp-content/plugins/elementor/includes/frontend.php(1247): Elementor\Frontend->get_builder_content('543', false)
#26 /Users/loichant/Local Sites/planty/app/public/wp-content/plugins/metform/utils/util.php(307): Elementor\Frontend->get_builder_content_for_display('543')
#27 /Users/loichant/Local Sites/planty/app/public/wp-content/plugins/metform/utils/util.php(489): MetForm\Utils\Util::render_elementor_content('543')
#28 /Users/loichant/Local Sites/planty/app/public/wp-content/plugins/metform/controls/form-picker-utils.php(42): MetForm\Utils\Util::render_form_content('543', '683a90e')
#29 /Users/loichant/Local Sites/planty/app/public/wp-content/plugins/metform/widgets/form.php(131): MetForm\Controls\Form_Picker_Utils::parse('543', '683a90e')
#30 /Users/loichant/Local Sites/planty/app/public/wp-content/plugins/elementor/includes/base/controls-stack.php(2268): Elementor\Widget_Met_Form->render()
#31 /Users/loichant/Local Sites/planty/app/public/wp-content/plugins/elementor/includes/base/widget-base.php(609): Elementor\Controls_Stack->render_by_mode()
#32 /Users/loichant/Local Sites/planty/app/public/wp-content/plugins/elementor/includes/base/widget-base.php(750): Elementor\Widget_Base->render_content()
#33 /Users/loichant/Local Sites/planty/app/public/wp-content/plugins/elementor/includes/base/element-base.php(449): Elementor\Widget_Base->print_content()
#34 /Users/loichant/Local Sites/planty/app/public/wp-content/plugins/elementor/includes/base/element-base.php(1354): Elementor\Element_Base->print_element()
#35 /Users/loichant/Local Sites/planty/app/public/wp-content/plugins/elementor/includes/base/element-base.php(449): Elementor\Element_Base->print_content()
#36 /Users/loichant/Local Sites/planty/app/public/wp-content/plugins/elementor/includes/base/element-base.php(1354): Elementor\Element_Base->print_element()
#37 /Users/loichant/Local Sites/planty/app/public/wp-content/plugins/elementor/includes/base/element-base.php(449): Elementor\Element_Base->print_content()
#38 /Users/loichant/Local Sites/planty/app/public/wp-content/plugins/elementor/core/base/document.php(1680): Elementor\Element_Base->print_element()
#39 /Users/loichant/Local Sites/planty/app/public/wp-content/plugins/elementor/core/base/document.php(1106): Elementor\Core\Base\Document->print_elements(Array)
#40 /Users/loichant/Local Sites/planty/app/public/wp-content/plugins/elementor/includes/frontend.php(1179): Elementor\Core\Base\Document->print_elements_with_wrapper(Array)
#41 /Users/loichant/Local Sites/planty/app/public/wp-content/plugins/elementor/includes/frontend.php(1074): Elementor\Frontend->get_builder_content(24)
#42 /Users/loichant/Local Sites/planty/app/public/wp-includes/class-wp-hook.php(308): Elementor\Frontend->apply_builder_in_content('\n<p></p>\n\n\n<p><...')
#43 /Users/loichant/Local Sites/planty/app/public/wp-includes/plugin.php(205): WP_Hook->apply_filters('\n<p></p>\n\n\n<p><...', Array)
#44 /Users/loichant/Local Sites/planty/app/public/wp-includes/post-template.php(255): apply_filters('the_content', '<!-- wp:paragra...')
#45 /Users/loichant/Local Sites/planty/app/public/wp-content/plugins/elementor/modules/page-templates/module.php(190): the_content()
#46 [internal function]: Elementor\Modules\PageTemplates\Module->print_callback()
#47 /Users/loichant/Local Sites/planty/app/public/wp-content/plugins/elementor/modules/page-templates/module.php(207): call_user_func(Array)
#48 /Users/loichant/Local Sites/planty/app/public/wp-content/plugins/elementor/modules/page-templates/templates/header-footer.php(19): Elementor\Modules\PageTemplates\Module->print_content()
#49 /Users/loichant/Local Sites/planty/app/public/wp-includes/template-loader.php(106): include('/Users/loichant...')
#50 /Users/loichant/Local Sites/planty/app/public/wp-blog-header.php(19): require_once('/Users/loichant...')
#51 /Users/loichant/Local Sites/planty/app/public/index.php(17): require('/Users/loichant...')
#52 {main}
  thrown dans /Users/loichant/Local Sites/planty/app/public/wp-content/plugins/metform/core/entries/action.php à la ligne 810

